<?xml version="1.0" encoding="UTF-8"?>
<testng-results ignored="0" total="4" passed="3" failed="1" skipped="0">
  <reporter-output>
  </reporter-output>
  <suite started-at="2021-03-28T20:55:37Z" name="Default suite" finished-at="2021-03-28T20:56:15Z" duration-ms="37974">
    <groups>
    </groups>
    <test started-at="2021-03-28T20:55:37Z" name="Default test" finished-at="2021-03-28T20:56:15Z" duration-ms="37974">
      <class name="Assign.Zameen_Assignment">
        <test-method signature="preRec()[pri:1, instance:Assign.Zameen_Assignment@787a0fd6]" started-at="2021-03-28T20:55:37Z" name="preRec" finished-at="2021-03-28T20:55:46Z" duration-ms="9157" status="PASS">
          <reporter-output>
          </reporter-output>
        </test-method> <!-- preRec -->
        <test-method is-config="true" signature="onTestFaliure(org.testng.ITestResult)[pri:0, instance:Assign.Zameen_Assignment@787a0fd6]" started-at="2021-03-28T20:55:47Z" name="onTestFaliure" finished-at="2021-03-28T20:55:47Z" duration-ms="16" status="PASS">
          <params>
            <param index="0">
              <value>
                <![CDATA[[TestResult name=preRec status=SUCCESS method=Zameen_Assignment.preRec()[pri:1, instance:Assign.Zameen_Assignment@787a0fd6] output={null}]]]>
              </value>
            </param>
          </params>
          <reporter-output>
          </reporter-output>
        </test-method> <!-- onTestFaliure -->
        <test-method signature="VerifyResultsMatchCriteria()[pri:2, instance:Assign.Zameen_Assignment@787a0fd6]" started-at="2021-03-28T20:55:47Z" name="VerifyResultsMatchCriteria" description="Assignment" finished-at="2021-03-28T20:55:54Z" duration-ms="7541" status="PASS">
          <reporter-output>
          </reporter-output>
        </test-method> <!-- VerifyResultsMatchCriteria -->
        <test-method is-config="true" signature="onTestFaliure(org.testng.ITestResult)[pri:0, instance:Assign.Zameen_Assignment@787a0fd6]" started-at="2021-03-28T20:55:54Z" name="onTestFaliure" finished-at="2021-03-28T20:55:54Z" duration-ms="1" status="PASS">
          <params>
            <param index="0">
              <value>
                <![CDATA[[TestResult name=VerifyResultsMatchCriteria status=SUCCESS method=Zameen_Assignment.VerifyResultsMatchCriteria()[pri:2, instance:Assign.Zameen_Assignment@787a0fd6] output={null}]]]>
              </value>
            </param>
          </params>
          <reporter-output>
          </reporter-output>
        </test-method> <!-- onTestFaliure -->
        <test-method signature="VerifyResultsAndDetailsMatchExtraCriteria()[pri:3, instance:Assign.Zameen_Assignment@787a0fd6]" started-at="2021-03-28T20:55:54Z" name="VerifyResultsAndDetailsMatchExtraCriteria" description="Assignment" finished-at="2021-03-28T20:56:09Z" duration-ms="14917" status="PASS">
          <reporter-output>
          </reporter-output>
        </test-method> <!-- VerifyResultsAndDetailsMatchExtraCriteria -->
        <test-method is-config="true" signature="onTestFaliure(org.testng.ITestResult)[pri:0, instance:Assign.Zameen_Assignment@787a0fd6]" started-at="2021-03-28T20:56:09Z" name="onTestFaliure" finished-at="2021-03-28T20:56:09Z" duration-ms="0" status="PASS">
          <params>
            <param index="0">
              <value>
                <![CDATA[[TestResult name=VerifyResultsAndDetailsMatchExtraCriteria status=SUCCESS method=Zameen_Assignment.VerifyResultsAndDetailsMatchExtraCriteria()[pri:3, instance:Assign.Zameen_Assignment@787a0fd6] output={null}]]]>
              </value>
            </param>
          </params>
          <reporter-output>
          </reporter-output>
        </test-method> <!-- onTestFaliure -->
        <test-method signature="VerifyPropOnMap()[pri:4, instance:Assign.Zameen_Assignment@787a0fd6]" started-at="2021-03-28T20:56:09Z" name="VerifyPropOnMap" description="Assignment" finished-at="2021-03-28T20:56:14Z" duration-ms="4999" status="FAIL">
          <exception class="java.lang.AssertionError">
            <message>
              <![CDATA[Prop link not matched expected [true] but found [false]]]>
            </message>
            <full-stacktrace>
              <![CDATA[java.lang.AssertionError: Prop link not matched expected [true] but found [false]
at org.testng.Assert.fail(Assert.java:96)
at org.testng.Assert.failNotEquals(Assert.java:776)
at org.testng.Assert.assertTrue(Assert.java:44)
at Assign.Zameen_Assignment.VerifyPropOnMap(Zameen_Assignment.java:340)
at java.base/jdk.internal.reflect.NativeMethodAccessorImpl.invoke0(Native Method)
at java.base/jdk.internal.reflect.NativeMethodAccessorImpl.invoke(NativeMethodAccessorImpl.java:62)
at java.base/jdk.internal.reflect.DelegatingMethodAccessorImpl.invoke(DelegatingMethodAccessorImpl.java:43)
at java.base/java.lang.reflect.Method.invoke(Method.java:566)
at org.testng.internal.MethodInvocationHelper.invokeMethod(MethodInvocationHelper.java:124)
at org.testng.internal.Invoker.invokeMethod(Invoker.java:583)
at org.testng.internal.Invoker.invokeTestMethod(Invoker.java:719)
at org.testng.internal.Invoker.invokeTestMethods(Invoker.java:989)
at org.testng.internal.TestMethodWorker.invokeTestMethods(TestMethodWorker.java:125)
at org.testng.internal.TestMethodWorker.run(TestMethodWorker.java:109)
at org.testng.TestRunner.privateRun(TestRunner.java:648)
at org.testng.TestRunner.run(TestRunner.java:505)
at org.testng.SuiteRunner.runTest(SuiteRunner.java:455)
at org.testng.SuiteRunner.runSequentially(SuiteRunner.java:450)
at org.testng.SuiteRunner.privateRun(SuiteRunner.java:415)
at org.testng.SuiteRunner.run(SuiteRunner.java:364)
at org.testng.SuiteRunnerWorker.runSuite(SuiteRunnerWorker.java:52)
at org.testng.SuiteRunnerWorker.run(SuiteRunnerWorker.java:84)
at org.testng.TestNG.runSuitesSequentially(TestNG.java:1208)
at org.testng.TestNG.runSuitesLocally(TestNG.java:1137)
at org.testng.TestNG.runSuites(TestNG.java:1049)
at org.testng.TestNG.run(TestNG.java:1017)
at org.testng.remote.AbstractRemoteTestNG.run(AbstractRemoteTestNG.java:114)
at org.testng.remote.RemoteTestNG.initAndRun(RemoteTestNG.java:251)
at org.testng.remote.RemoteTestNG.main(RemoteTestNG.java:77)
]]>
            </full-stacktrace>
          </exception> <!-- java.lang.AssertionError -->
          <reporter-output>
          </reporter-output>
        </test-method> <!-- VerifyPropOnMap -->
        <test-method is-config="true" signature="onTestFaliure(org.testng.ITestResult)[pri:0, instance:Assign.Zameen_Assignment@787a0fd6]" started-at="2021-03-28T20:56:14Z" name="onTestFaliure" finished-at="2021-03-28T20:56:15Z" duration-ms="917" status="PASS">
          <params>
            <param index="0">
              <value>
                <![CDATA[[TestResult name=VerifyPropOnMap status=FAILURE method=Zameen_Assignment.VerifyPropOnMap()[pri:4, instance:Assign.Zameen_Assignment@787a0fd6] output={null}]]]>
              </value>
            </param>
          </params>
          <reporter-output>
          </reporter-output>
        </test-method> <!-- onTestFaliure -->
        <test-method is-config="true" signature="ClosingBrowser()[pri:0, instance:Assign.Zameen_Assignment@787a0fd6]" started-at="2021-03-28T20:56:16Z" name="ClosingBrowser" finished-at="2021-03-28T20:56:17Z" duration-ms="1417" status="PASS">
          <reporter-output>
          </reporter-output>
        </test-method> <!-- ClosingBrowser -->
      </class> <!-- Assign.Zameen_Assignment -->
    </test> <!-- Default test -->
  </suite> <!-- Default suite -->
</testng-results>
