<?xml version="1.0" encoding="UTF-8"?>
<!-- Generated by org.testng.reporters.JUnitReportReporter -->
<testsuite hostname="CMDLHRLT304" failures="0" tests="38" name="providerNote.Medications" time="74.224" errors="2" timestamp="12 Nov 2018 10:05:12 GMT" skipped="36">
  <testcase classname="providerNote.Medications" name="onTestFaliure" time="8.032">
    <error message="chrome not reachable
  (Session info: chrome=69.0.3497.100)
  (Driver info: chromedriver=2.36.540470 (e522d04694c7ebea4ba8821272dbef4f9b818c91),platform=Windows NT 10.0.16299 x86_64) (WARNING: The server did not provide any stacktrace information)
Command duration or timeout: 0 milliseconds
Build info: version: &#039;3.14.0&#039;, revision: &#039;aacccce0&#039;, time: &#039;2018-08-02T20:19:58.91Z&#039;
System info: host: &#039;CMDLHRLT304&#039;, ip: &#039;172.16.19.61&#039;, os.name: &#039;Windows 10&#039;, os.arch: &#039;amd64&#039;, os.version: &#039;10.0&#039;, java.version: &#039;10.0.2&#039;
Driver info: org.openqa.selenium.chrome.ChromeDriver
Capabilities {acceptInsecureCerts: false, acceptSslCerts: false, applicationCacheEnabled: false, browserConnectionEnabled: false, browserName: chrome, chrome: {chromedriverVersion: 2.36.540470 (e522d04694c7eb..., userDataDir: C:\Users\ALEEZA~1.YOU\AppDa...}, cssSelectorsEnabled: true, databaseEnabled: false, handlesAlerts: true, hasTouchScreen: false, javascriptEnabled: true, locationContextEnabled: true, mobileEmulationEnabled: false, nativeEvents: true, networkConnectionEnabled: false, pageLoadStrategy: normal, platform: XP, platformName: XP, rotatable: false, setWindowRect: true, takesHeapSnapshot: true, takesScreenshot: true, unexpectedAlertBehaviour: , unhandledPromptBehavior: , version: 69.0.3497.100, webStorageEnabled: true}
Session ID: c9ef134141a036ad7a4715f800cd730f" type="org.openqa.selenium.WebDriverException">
      <![CDATA[org.openqa.selenium.WebDriverException: chrome not reachable
  (Session info: chrome=69.0.3497.100)
  (Driver info: chromedriver=2.36.540470 (e522d04694c7ebea4ba8821272dbef4f9b818c91),platform=Windows NT 10.0.16299 x86_64) (WARNING: The server did not provide any stacktrace information)
Command duration or timeout: 0 milliseconds
Build info: version: '3.14.0', revision: 'aacccce0', time: '2018-08-02T20:19:58.91Z'
System info: host: 'CMDLHRLT304', ip: '172.16.19.61', os.name: 'Windows 10', os.arch: 'amd64', os.version: '10.0', java.version: '10.0.2'
Driver info: org.openqa.selenium.chrome.ChromeDriver
Capabilities {acceptInsecureCerts: false, acceptSslCerts: false, applicationCacheEnabled: false, browserConnectionEnabled: false, browserName: chrome, chrome: {chromedriverVersion: 2.36.540470 (e522d04694c7eb..., userDataDir: C:\Users\ALEEZA~1.YOU\AppDa...}, cssSelectorsEnabled: true, databaseEnabled: false, handlesAlerts: true, hasTouchScreen: false, javascriptEnabled: true, locationContextEnabled: true, mobileEmulationEnabled: false, nativeEvents: true, networkConnectionEnabled: false, pageLoadStrategy: normal, platform: XP, platformName: XP, rotatable: false, setWindowRect: true, takesHeapSnapshot: true, takesScreenshot: true, unexpectedAlertBehaviour: , unhandledPromptBehavior: , version: 69.0.3497.100, webStorageEnabled: true}
Session ID: c9ef134141a036ad7a4715f800cd730f
at java.base/jdk.internal.reflect.NativeConstructorAccessorImpl.newInstance0(Native Method)
at java.base/jdk.internal.reflect.NativeConstructorAccessorImpl.newInstance(NativeConstructorAccessorImpl.java:62)
at java.base/jdk.internal.reflect.DelegatingConstructorAccessorImpl.newInstance(DelegatingConstructorAccessorImpl.java:45)
at java.base/java.lang.reflect.Constructor.newInstance(Constructor.java:488)
at org.openqa.selenium.remote.ErrorHandler.createThrowable(ErrorHandler.java:214)
at org.openqa.selenium.remote.ErrorHandler.throwIfResponseFailed(ErrorHandler.java:166)
at org.openqa.selenium.remote.http.JsonHttpResponseCodec.reconstructValue(JsonHttpResponseCodec.java:40)
at org.openqa.selenium.remote.http.AbstractHttpResponseCodec.decode(AbstractHttpResponseCodec.java:80)
at org.openqa.selenium.remote.http.AbstractHttpResponseCodec.decode(AbstractHttpResponseCodec.java:44)
at org.openqa.selenium.remote.HttpCommandExecutor.execute(HttpCommandExecutor.java:158)
at org.openqa.selenium.remote.service.DriverCommandExecutor.execute(DriverCommandExecutor.java:83)
at org.openqa.selenium.remote.RemoteWebDriver.execute(RemoteWebDriver.java:548)
at org.openqa.selenium.remote.RemoteWebDriver.execute(RemoteWebDriver.java:605)
at org.openqa.selenium.remote.RemoteWebDriver.getScreenshotAs(RemoteWebDriver.java:294)
at providerNote.TestListener.saveScreenshotPNG(TestListener.java:22)
at providerNote.Medications.onTestFaliure(Medications.java:1819)
at java.base/jdk.internal.reflect.NativeMethodAccessorImpl.invoke0(Native Method)
at java.base/jdk.internal.reflect.NativeMethodAccessorImpl.invoke(NativeMethodAccessorImpl.java:62)
at java.base/jdk.internal.reflect.DelegatingMethodAccessorImpl.invoke(DelegatingMethodAccessorImpl.java:43)
at java.base/java.lang.reflect.Method.invoke(Method.java:564)
at org.testng.internal.MethodInvocationHelper.invokeMethod(MethodInvocationHelper.java:124)
at org.testng.internal.MethodInvocationHelper.invokeMethodConsideringTimeout(MethodInvocationHelper.java:59)
at org.testng.internal.Invoker.invokeConfigurationMethod(Invoker.java:458)
at org.testng.internal.Invoker.invokeConfigurations(Invoker.java:222)
at org.testng.internal.Invoker.invokeMethod(Invoker.java:646)
at org.testng.internal.Invoker.invokeTestMethod(Invoker.java:719)
at org.testng.internal.Invoker.invokeTestMethods(Invoker.java:989)
at org.testng.internal.TestMethodWorker.invokeTestMethods(TestMethodWorker.java:125)
at org.testng.internal.TestMethodWorker.run(TestMethodWorker.java:109)
at org.testng.TestRunner.privateRun(TestRunner.java:648)
at org.testng.TestRunner.run(TestRunner.java:505)
at org.testng.SuiteRunner.runTest(SuiteRunner.java:455)
at org.testng.SuiteRunner.runSequentially(SuiteRunner.java:450)
at org.testng.SuiteRunner.privateRun(SuiteRunner.java:415)
at org.testng.SuiteRunner.run(SuiteRunner.java:364)
at org.testng.SuiteRunnerWorker.runSuite(SuiteRunnerWorker.java:52)
at org.testng.SuiteRunnerWorker.run(SuiteRunnerWorker.java:84)
at org.testng.TestNG.runSuitesSequentially(TestNG.java:1208)
at org.testng.TestNG.runSuitesLocally(TestNG.java:1137)
at org.testng.TestNG.runSuites(TestNG.java:1049)
at org.testng.TestNG.run(TestNG.java:1017)
at org.testng.remote.AbstractRemoteTestNG.run(AbstractRemoteTestNG.java:114)
at org.testng.remote.RemoteTestNG.initAndRun(RemoteTestNG.java:251)
at org.testng.remote.RemoteTestNG.main(RemoteTestNG.java:77)
]]>
    </error>
  </testcase> <!-- onTestFaliure -->
  <testcase classname="providerNote.Medications" name="Applicationlogin" time="66.192">
    <error message="chrome not reachable
  (Session info: chrome=69.0.3497.100)
  (Driver info: chromedriver=2.36.540470 (e522d04694c7ebea4ba8821272dbef4f9b818c91),platform=Windows NT 10.0.16299 x86_64) (WARNING: The server did not provide any stacktrace information)
Command duration or timeout: 0 milliseconds
Build info: version: &#039;3.14.0&#039;, revision: &#039;aacccce0&#039;, time: &#039;2018-08-02T20:19:58.91Z&#039;
System info: host: &#039;CMDLHRLT304&#039;, ip: &#039;172.16.19.61&#039;, os.name: &#039;Windows 10&#039;, os.arch: &#039;amd64&#039;, os.version: &#039;10.0&#039;, java.version: &#039;10.0.2&#039;
Driver info: org.openqa.selenium.chrome.ChromeDriver
Capabilities {acceptInsecureCerts: false, acceptSslCerts: false, applicationCacheEnabled: false, browserConnectionEnabled: false, browserName: chrome, chrome: {chromedriverVersion: 2.36.540470 (e522d04694c7eb..., userDataDir: C:\Users\ALEEZA~1.YOU\AppDa...}, cssSelectorsEnabled: true, databaseEnabled: false, handlesAlerts: true, hasTouchScreen: false, javascriptEnabled: true, locationContextEnabled: true, mobileEmulationEnabled: false, nativeEvents: true, networkConnectionEnabled: false, pageLoadStrategy: normal, platform: XP, platformName: XP, rotatable: false, setWindowRect: true, takesHeapSnapshot: true, takesScreenshot: true, unexpectedAlertBehaviour: , unhandledPromptBehavior: , version: 69.0.3497.100, webStorageEnabled: true}
Session ID: c9ef134141a036ad7a4715f800cd730f
*** Element info: {Using=id, value=vchLogin_Name}" type="org.openqa.selenium.WebDriverException">
      <![CDATA[org.openqa.selenium.WebDriverException: chrome not reachable
  (Session info: chrome=69.0.3497.100)
  (Driver info: chromedriver=2.36.540470 (e522d04694c7ebea4ba8821272dbef4f9b818c91),platform=Windows NT 10.0.16299 x86_64) (WARNING: The server did not provide any stacktrace information)
Command duration or timeout: 0 milliseconds
Build info: version: '3.14.0', revision: 'aacccce0', time: '2018-08-02T20:19:58.91Z'
System info: host: 'CMDLHRLT304', ip: '172.16.19.61', os.name: 'Windows 10', os.arch: 'amd64', os.version: '10.0', java.version: '10.0.2'
Driver info: org.openqa.selenium.chrome.ChromeDriver
Capabilities {acceptInsecureCerts: false, acceptSslCerts: false, applicationCacheEnabled: false, browserConnectionEnabled: false, browserName: chrome, chrome: {chromedriverVersion: 2.36.540470 (e522d04694c7eb..., userDataDir: C:\Users\ALEEZA~1.YOU\AppDa...}, cssSelectorsEnabled: true, databaseEnabled: false, handlesAlerts: true, hasTouchScreen: false, javascriptEnabled: true, locationContextEnabled: true, mobileEmulationEnabled: false, nativeEvents: true, networkConnectionEnabled: false, pageLoadStrategy: normal, platform: XP, platformName: XP, rotatable: false, setWindowRect: true, takesHeapSnapshot: true, takesScreenshot: true, unexpectedAlertBehaviour: , unhandledPromptBehavior: , version: 69.0.3497.100, webStorageEnabled: true}
Session ID: c9ef134141a036ad7a4715f800cd730f
*** Element info: {Using=id, value=vchLogin_Name}
at java.base/jdk.internal.reflect.NativeConstructorAccessorImpl.newInstance0(Native Method)
at java.base/jdk.internal.reflect.NativeConstructorAccessorImpl.newInstance(NativeConstructorAccessorImpl.java:62)
at java.base/jdk.internal.reflect.DelegatingConstructorAccessorImpl.newInstance(DelegatingConstructorAccessorImpl.java:45)
at java.base/java.lang.reflect.Constructor.newInstance(Constructor.java:488)
at org.openqa.selenium.remote.ErrorHandler.createThrowable(ErrorHandler.java:214)
at org.openqa.selenium.remote.ErrorHandler.throwIfResponseFailed(ErrorHandler.java:166)
at org.openqa.selenium.remote.http.JsonHttpResponseCodec.reconstructValue(JsonHttpResponseCodec.java:40)
at org.openqa.selenium.remote.http.AbstractHttpResponseCodec.decode(AbstractHttpResponseCodec.java:80)
at org.openqa.selenium.remote.http.AbstractHttpResponseCodec.decode(AbstractHttpResponseCodec.java:44)
at org.openqa.selenium.remote.HttpCommandExecutor.execute(HttpCommandExecutor.java:158)
at org.openqa.selenium.remote.service.DriverCommandExecutor.execute(DriverCommandExecutor.java:83)
at org.openqa.selenium.remote.RemoteWebDriver.execute(RemoteWebDriver.java:548)
at org.openqa.selenium.remote.RemoteWebDriver.findElement(RemoteWebDriver.java:322)
at org.openqa.selenium.remote.RemoteWebDriver.findElementById(RemoteWebDriver.java:368)
at org.openqa.selenium.By$ById.findElement(By.java:188)
at org.openqa.selenium.remote.RemoteWebDriver.findElement(RemoteWebDriver.java:314)
at org.openqa.selenium.support.pagefactory.DefaultElementLocator.findElement(DefaultElementLocator.java:69)
at org.openqa.selenium.support.pagefactory.internal.LocatingElementHandler.invoke(LocatingElementHandler.java:38)
at com.sun.proxy.$Proxy25.sendKeys(Unknown Source)
at providerNote.Loginpageobjects.setUserName(Loginpageobjects.java:70)
at providerNote.Loginpageobjects.login(Loginpageobjects.java:147)
at providerNote.Medications.Applicationlogin(Medications.java:95)
at java.base/jdk.internal.reflect.NativeMethodAccessorImpl.invoke0(Native Method)
at java.base/jdk.internal.reflect.NativeMethodAccessorImpl.invoke(NativeMethodAccessorImpl.java:62)
at java.base/jdk.internal.reflect.DelegatingMethodAccessorImpl.invoke(DelegatingMethodAccessorImpl.java:43)
at java.base/java.lang.reflect.Method.invoke(Method.java:564)
at org.testng.internal.MethodInvocationHelper.invokeMethod(MethodInvocationHelper.java:124)
at org.testng.internal.Invoker.invokeMethod(Invoker.java:583)
at org.testng.internal.Invoker.invokeTestMethod(Invoker.java:719)
at org.testng.internal.Invoker.invokeTestMethods(Invoker.java:989)
at org.testng.internal.TestMethodWorker.invokeTestMethods(TestMethodWorker.java:125)
at org.testng.internal.TestMethodWorker.run(TestMethodWorker.java:109)
at org.testng.TestRunner.privateRun(TestRunner.java:648)
at org.testng.TestRunner.run(TestRunner.java:505)
at org.testng.SuiteRunner.runTest(SuiteRunner.java:455)
at org.testng.SuiteRunner.runSequentially(SuiteRunner.java:450)
at org.testng.SuiteRunner.privateRun(SuiteRunner.java:415)
at org.testng.SuiteRunner.run(SuiteRunner.java:364)
at org.testng.SuiteRunnerWorker.runSuite(SuiteRunnerWorker.java:52)
at org.testng.SuiteRunnerWorker.run(SuiteRunnerWorker.java:84)
at org.testng.TestNG.runSuitesSequentially(TestNG.java:1208)
at org.testng.TestNG.runSuitesLocally(TestNG.java:1137)
at org.testng.TestNG.runSuites(TestNG.java:1049)
at org.testng.TestNG.run(TestNG.java:1017)
at org.testng.remote.AbstractRemoteTestNG.run(AbstractRemoteTestNG.java:114)
at org.testng.remote.RemoteTestNG.initAndRun(RemoteTestNG.java:251)
at org.testng.remote.RemoteTestNG.main(RemoteTestNG.java:77)
]]>
    </error>
  </testcase> <!-- Applicationlogin -->
  <testcase classname="providerNote.Medications" name="AddPatient" time="0.000">
    <skipped/>
  </testcase> <!-- AddPatient -->
  <testcase classname="providerNote.Medications" name="AddAllergyViaClinical" time="0.000">
    <skipped/>
  </testcase> <!-- AddAllergyViaClinical -->
  <testcase classname="providerNote.Medications" name="AddDiagnosesViaClinical" time="0.000">
    <skipped/>
  </testcase> <!-- AddDiagnosesViaClinical -->
  <testcase classname="providerNote.Medications" name="VerifyIntellisence" time="0.000">
    <skipped/>
  </testcase> <!-- VerifyIntellisence -->
  <testcase classname="providerNote.Medications" name="DisplaySig" time="0.000">
    <skipped/>
  </testcase> <!-- DisplaySig -->
  <testcase classname="providerNote.Medications" name="CheckHelpPopup" time="0.000">
    <skipped/>
  </testcase> <!-- CheckHelpPopup -->
  <testcase classname="providerNote.Medications" name="CheckInteraction" time="0.000">
    <skipped/>
  </testcase> <!-- CheckInteraction -->
  <testcase classname="providerNote.Medications" name="CheckDiagnosesLimit" time="0.000">
    <skipped/>
  </testcase> <!-- CheckDiagnosesLimit -->
  <testcase classname="providerNote.Medications" name="Select2Diagnoses" time="0.000">
    <skipped/>
  </testcase> <!-- Select2Diagnoses -->
  <testcase classname="providerNote.Medications" name="CheckCount" time="0.000">
    <skipped/>
  </testcase> <!-- CheckCount -->
  <testcase classname="providerNote.Medications" name="CheckSupervisingProvider" time="0.000">
    <skipped/>
  </testcase> <!-- CheckSupervisingProvider -->
  <testcase classname="providerNote.Medications" name="OpenSupervisingProviderList" time="0.000">
    <skipped/>
  </testcase> <!-- OpenSupervisingProviderList -->
  <testcase classname="providerNote.Medications" name="SelectSupervisingProvider" time="0.000">
    <skipped/>
  </testcase> <!-- SelectSupervisingProvider -->
  <testcase classname="providerNote.Medications" name="CheckMandatoryFields" time="0.000">
    <skipped/>
  </testcase> <!-- CheckMandatoryFields -->
  <testcase classname="providerNote.Medications" name="CheckDiagnosesonErx" time="0.000">
    <skipped/>
  </testcase> <!-- CheckDiagnosesonErx -->
  <testcase classname="providerNote.Medications" name="CheckDiagnosesonReport" time="0.000">
    <skipped/>
  </testcase> <!-- CheckDiagnosesonReport -->
  <testcase classname="providerNote.Medications" name="CheckMedicationEntry" time="0.000">
    <skipped/>
  </testcase> <!-- CheckMedicationEntry -->
  <testcase classname="providerNote.Medications" name="VerifyPrescribeButton" time="0.000">
    <skipped/>
  </testcase> <!-- VerifyPrescribeButton -->
  <testcase classname="providerNote.Medications" name="verifytabButtons" time="0.000">
    <skipped/>
  </testcase> <!-- verifytabButtons -->
  <testcase classname="providerNote.Medications" name="verifycomponents" time="0.000">
    <skipped/>
  </testcase> <!-- verifycomponents -->
  <testcase classname="providerNote.Medications" name="verifyintellisence" time="0.000">
    <skipped/>
  </testcase> <!-- verifyintellisence -->
  <testcase classname="providerNote.Medications" name="DisplaySigThroughPnote" time="0.000">
    <skipped/>
  </testcase> <!-- DisplaySigThroughPnote -->
  <testcase classname="providerNote.Medications" name="CheckHelpPopupPnote" time="0.000">
    <skipped/>
  </testcase> <!-- CheckHelpPopupPnote -->
  <testcase classname="providerNote.Medications" name="CheckInteractionPnote" time="0.000">
    <skipped/>
  </testcase> <!-- CheckInteractionPnote -->
  <testcase classname="providerNote.Medications" name="CheckDiagnosesLimit1" time="0.000">
    <skipped/>
  </testcase> <!-- CheckDiagnosesLimit1 -->
  <testcase classname="providerNote.Medications" name="Select2Diagnoses1" time="0.000">
    <skipped/>
  </testcase> <!-- Select2Diagnoses1 -->
  <testcase classname="providerNote.Medications" name="CheckCount1" time="0.000">
    <skipped/>
  </testcase> <!-- CheckCount1 -->
  <testcase classname="providerNote.Medications" name="CheckSupervisingProviderPnote" time="0.000">
    <skipped/>
  </testcase> <!-- CheckSupervisingProviderPnote -->
  <testcase classname="providerNote.Medications" name="OpenSupervisingProviderListPnote" time="0.000">
    <skipped/>
  </testcase> <!-- OpenSupervisingProviderListPnote -->
  <testcase classname="providerNote.Medications" name="SelectSupervisingProviderPnote" time="0.000">
    <skipped/>
  </testcase> <!-- SelectSupervisingProviderPnote -->
  <testcase classname="providerNote.Medications" name="CheckMandatoryFields1" time="0.000">
    <skipped/>
  </testcase> <!-- CheckMandatoryFields1 -->
  <testcase classname="providerNote.Medications" name="CheckDiagnosesonErx1" time="0.000">
    <skipped/>
  </testcase> <!-- CheckDiagnosesonErx1 -->
  <testcase classname="providerNote.Medications" name="CheckDiagnosesonReport1" time="0.000">
    <skipped/>
  </testcase> <!-- CheckDiagnosesonReport1 -->
  <testcase classname="providerNote.Medications" name="OrderSet" time="0.000">
    <skipped/>
  </testcase> <!-- OrderSet -->
  <testcase classname="providerNote.Medications" name="DataTemplateRxpad" time="0.000">
    <skipped/>
  </testcase> <!-- DataTemplateRxpad -->
  <testcase classname="providerNote.Medications" name="CheckMedicationEntry1" time="0.000">
    <skipped/>
  </testcase> <!-- CheckMedicationEntry1 -->
</testsuite> <!-- providerNote.Medications -->
