<?xml version="1.0" encoding="UTF-8"?>
<!-- Generated by org.testng.reporters.JUnitReportReporter -->
<testsuite hostname="CMDLHRLT104" name="tests.Schaduling" tests="4" failures="1" timestamp="13 Oct 2017 16:00:40 GMT" time="1173.554" errors="0">
  <testcase name="login" time="50.905" classname="tests.Schaduling"/>
  <testcase name="last" time="0.008" classname="tests.Schaduling">
    <failure type="java.lang.AssertionError" message="The following asserts failed:
	Tool tip is not appearing on High priority icon expected [Test1
Test] but found [Test1
Test],
	Tool Tips of both  High Priority Appointment Notes are not appearing expected [Test1
Test] but found [Test1
Test],
	Tool tip is not appearing on Normal priority icon expected [Test3
Test2] but found [Test3
Test2],
	Tool Tips of both  Normal Priority Appointment Notes are not appearing expected [Test3
Test2] but found [Test3
Test2],
	Tool tip is not appearing on Low priority icon expected [Test5
Test4] but found [Test5
Test4],
	Tool Tips of both  Normal Priority Appointment Notes are not appearing expected [Test5
Test4] but found [Test5
Test4],
	functionlity of the radio button &#039;End By (Date)&#039; is not working correctly with Every Week Day (Daily) Pattern expected [0] but found [1],
	functionlity of the radio button &#039;End By (Date)&#039; is not working correctly with Every Week Day (Daily) Pattern expected [0] but found [1]">
      <![CDATA[java.lang.AssertionError: The following asserts failed:
	Tool tip is not appearing on High priority icon expected [Test1
Test] but found [Test1
Test],
	Tool Tips of both  High Priority Appointment Notes are not appearing expected [Test1
Test] but found [Test1
Test],
	Tool tip is not appearing on Normal priority icon expected [Test3
Test2] but found [Test3
Test2],
	Tool Tips of both  Normal Priority Appointment Notes are not appearing expected [Test3
Test2] but found [Test3
Test2],
	Tool tip is not appearing on Low priority icon expected [Test5
Test4] but found [Test5
Test4],
	Tool Tips of both  Normal Priority Appointment Notes are not appearing expected [Test5
Test4] but found [Test5
Test4],
	functionlity of the radio button 'End By (Date)' is not working correctly with Every Week Day (Daily) Pattern expected [0] but found [1],
	functionlity of the radio button 'End By (Date)' is not working correctly with Every Week Day (Daily) Pattern expected [0] but found [1]
	at org.testng.asserts.SoftAssert.assertAll(SoftAssert.java:43)
	at tests.Schaduling.last(Schaduling.java:1049)
	at sun.reflect.NativeMethodAccessorImpl.invoke0(Native Method)
	at sun.reflect.NativeMethodAccessorImpl.invoke(NativeMethodAccessorImpl.java:62)
	at sun.reflect.DelegatingMethodAccessorImpl.invoke(DelegatingMethodAccessorImpl.java:43)
	at java.lang.reflect.Method.invoke(Method.java:498)
	at org.testng.internal.MethodInvocationHelper.invokeMethod(MethodInvocationHelper.java:86)
	at org.testng.internal.Invoker.invokeMethod(Invoker.java:643)
	at org.testng.internal.Invoker.invokeTestMethod(Invoker.java:820)
	at org.testng.internal.Invoker.invokeTestMethods(Invoker.java:1128)
	at org.testng.internal.TestMethodWorker.invokeTestMethods(TestMethodWorker.java:129)
	at org.testng.internal.TestMethodWorker.run(TestMethodWorker.java:112)
	at org.testng.TestRunner.privateRun(TestRunner.java:782)
	at org.testng.TestRunner.run(TestRunner.java:632)
	at org.testng.SuiteRunner.runTest(SuiteRunner.java:366)
	at org.testng.SuiteRunner.runSequentially(SuiteRunner.java:361)
	at org.testng.SuiteRunner.privateRun(SuiteRunner.java:319)
	at org.testng.SuiteRunner.run(SuiteRunner.java:268)
	at org.testng.SuiteRunnerWorker.runSuite(SuiteRunnerWorker.java:52)
	at org.testng.SuiteRunnerWorker.run(SuiteRunnerWorker.java:86)
	at org.testng.TestNG.runSuitesSequentially(TestNG.java:1244)
	at org.testng.TestNG.runSuitesLocally(TestNG.java:1169)
	at org.testng.TestNG.run(TestNG.java:1064)
	at org.testng.remote.AbstractRemoteTestNG.run(AbstractRemoteTestNG.java:132)
	at org.testng.remote.RemoteTestNG.initAndRun(RemoteTestNG.java:230)
	at org.testng.remote.RemoteTestNG.main(RemoteTestNG.java:76)
]]>
    </failure>
  </testcase> <!-- last -->
  <testcase name="Opening_browser" time="11.521" classname="tests.Schaduling"/>
  <testcase name="Schadule" time="1111.120" classname="tests.Schaduling"/>
</testsuite> <!-- tests.Schaduling -->
