<?xml version="1.0" encoding="UTF-8"?>
<!-- Generated by org.testng.reporters.JUnitReportReporter -->
<testsuite hostname="CMDLHRLT304" failures="3" tests="51" name="Rest.EndPoints" time="27.488" errors="0" timestamp="15 Nov 2019 13:58:51 GMT" skipped="0">
  <testcase classname="Rest.EndPoints" name="GetAccessToken" time="12.828"/>
  <testcase classname="Rest.EndPoints" name="AddPartner" time="0.557"/>
  <testcase classname="Rest.EndPoints" name="GetPartnerbyId" time="0.437"/>
  <testcase classname="Rest.EndPoints" name="UpdatePartner" time="0.515"/>
  <testcase classname="Rest.EndPoints" name="GetAllPartner" time="0.427"/>
  <testcase classname="Rest.EndPoints" name="SearchPractice" time="0.779"/>
  <testcase classname="Rest.EndPoints" name="GetSpecificPracticePartner" time="0.250"/>
  <testcase classname="Rest.EndPoints" name="GetAllPartnerIdentifiers" time="0.344"/>
  <testcase classname="Rest.EndPoints" name="GetAllPartnerCategories" time="0.365"/>
  <testcase classname="Rest.EndPoints" name="GetSpecificPartner" time="0.450"/>
  <testcase classname="Rest.EndPoints" name="GetPartnerIdentifierMessages" time="0.161"/>
  <testcase classname="Rest.EndPoints" name="GetPartnerIdentifierCommunicationProtocols" time="0.170"/>
  <testcase classname="Rest.EndPoints" name="GetAllComponentType" time="0.221"/>
  <testcase classname="Rest.EndPoints" name="GetPartnersbyComponentType" time="0.298"/>
  <testcase classname="Rest.EndPoints" name="GetAllMessageType" time="0.274"/>
  <testcase classname="Rest.EndPoints" name="GetAllCommunicationProtocol" time="0.861"/>
  <testcase classname="Rest.EndPoints" name="GetAllVendor" time="0.212"/>
  <testcase classname="Rest.EndPoints" name="GetTransactionRoutes" time="0.248"/>
  <testcase classname="Rest.EndPoints" name="AddPractice" time="0.273"/>
  <testcase classname="Rest.EndPoints" name="GetPractice" time="0.222"/>
  <testcase classname="Rest.EndPoints" name="UpdatePractice" time="0.309"/>
  <testcase classname="Rest.EndPoints" name="GetPracticebyVendor" time="0.323"/>
  <testcase classname="Rest.EndPoints" name="AddPracticeLocation" time="0.258"/>
  <testcase classname="Rest.EndPoints" name="UpdatePracticeLocation" time="0.211"/>
  <testcase classname="Rest.EndPoints" name="GetAllPracticeLocation" time="0.247"/>
  <testcase classname="Rest.EndPoints" name="AddUser" time="0.304"/>
  <testcase classname="Rest.EndPoints" name="AuthenticateUser" time="0.188"/>
  <testcase classname="Rest.EndPoints" name="UpdatePassword" time="0.177"/>
  <testcase classname="Rest.EndPoints" name="AddTransaction" time="0.349"/>
  <testcase classname="Rest.EndPoints" name="GetTransactionRoute" time="0.292"/>
  <testcase classname="Rest.EndPoints" name="UpdateTransaction" time="0.267"/>
  <testcase classname="Rest.EndPoints" name="AddAssociatedPracReqMsg" time="0.252"/>
  <testcase classname="Rest.EndPoints" name="UpdateAssociatedPracReqMsg" time="0.172"/>
  <testcase classname="Rest.EndPoints" name="GetPracticeReqMsgTypeCredentials" time="0.211">
    <failure message="Hub Status code of this API is not 200 but 501 expected [200] but found [501]" type="java.lang.AssertionError">
      <![CDATA[java.lang.AssertionError: Hub Status code of this API is not 200 but 501 expected [200] but found [501]
at org.testng.Assert.fail(Assert.java:96)
at org.testng.Assert.failNotEquals(Assert.java:776)
at org.testng.Assert.assertEqualsImpl(Assert.java:137)
at org.testng.Assert.assertEquals(Assert.java:118)
at org.testng.Assert.assertEquals(Assert.java:652)
at Rest.EndPoints.GetPracticeReqMsgTypeCredentials(EndPoints.java:1140)
at java.base/jdk.internal.reflect.NativeMethodAccessorImpl.invoke0(Native Method)
at java.base/jdk.internal.reflect.NativeMethodAccessorImpl.invoke(NativeMethodAccessorImpl.java:62)
at java.base/jdk.internal.reflect.DelegatingMethodAccessorImpl.invoke(DelegatingMethodAccessorImpl.java:43)
at java.base/java.lang.reflect.Method.invoke(Method.java:566)
at org.testng.internal.MethodInvocationHelper.invokeMethod(MethodInvocationHelper.java:124)
at org.testng.internal.Invoker.invokeMethod(Invoker.java:583)
at org.testng.internal.Invoker.invokeTestMethod(Invoker.java:719)
at org.testng.internal.Invoker.invokeTestMethods(Invoker.java:989)
at org.testng.internal.TestMethodWorker.invokeTestMethods(TestMethodWorker.java:125)
at org.testng.internal.TestMethodWorker.run(TestMethodWorker.java:109)
at org.testng.TestRunner.privateRun(TestRunner.java:648)
at org.testng.TestRunner.run(TestRunner.java:505)
at org.testng.SuiteRunner.runTest(SuiteRunner.java:455)
at org.testng.SuiteRunner.runSequentially(SuiteRunner.java:450)
at org.testng.SuiteRunner.privateRun(SuiteRunner.java:415)
at org.testng.SuiteRunner.run(SuiteRunner.java:364)
at org.testng.SuiteRunnerWorker.runSuite(SuiteRunnerWorker.java:52)
at org.testng.SuiteRunnerWorker.run(SuiteRunnerWorker.java:84)
at org.testng.TestNG.runSuitesSequentially(TestNG.java:1208)
at org.testng.TestNG.runSuitesLocally(TestNG.java:1137)
at org.testng.TestNG.runSuites(TestNG.java:1049)
at org.testng.TestNG.run(TestNG.java:1017)
at org.testng.remote.AbstractRemoteTestNG.run(AbstractRemoteTestNG.java:114)
at org.testng.remote.RemoteTestNG.initAndRun(RemoteTestNG.java:251)
at org.testng.remote.RemoteTestNG.main(RemoteTestNG.java:77)
]]>
    </failure>
  </testcase> <!-- GetPracticeReqMsgTypeCredentials -->
  <testcase classname="Rest.EndPoints" name="GetAssociatedPracticeReqMsgs" time="0.164"/>
  <testcase classname="Rest.EndPoints" name="GetAllPracticeMessages" time="0.309"/>
  <testcase classname="Rest.EndPoints" name="AddAssociatedPracticeMessage" time="0.214"/>
  <testcase classname="Rest.EndPoints" name="AddDissociatePracticeMessage" time="0.252"/>
  <testcase classname="Rest.EndPoints" name="GetAssociatedPractice" time="0.213"/>
  <testcase classname="Rest.EndPoints" name="AddTransactionRouteCredential" time="0.228"/>
  <testcase classname="Rest.EndPoints" name="UpdateTransactionRouteCredential" time="0.150"/>
  <testcase classname="Rest.EndPoints" name="DeleteTransactionRouteCredential" time="0.309"/>
  <testcase classname="Rest.EndPoints" name="AddTransactionRouteMessageEncoding" time="0.253"/>
  <testcase classname="Rest.EndPoints" name="GetTransactionRouteMessageEncoding" time="0.221"/>
  <testcase classname="Rest.EndPoints" name="DeleteTransactionRouteMessageEncoding" time="0.187"/>
  <testcase classname="Rest.EndPoints" name="GetTransactionRouteTrafficSummary" time="0.224">
    <failure message="API has not returned transaction route traffic summary successfully expected [true] but found [false]" type="java.lang.AssertionError">
      <![CDATA[java.lang.AssertionError: API has not returned transaction route traffic summary successfully expected [true] but found [false]
at org.testng.Assert.fail(Assert.java:96)
at org.testng.Assert.failNotEquals(Assert.java:776)
at org.testng.Assert.assertTrue(Assert.java:44)
at Rest.EndPoints.GetTransactionRouteTrafficSummary(EndPoints.java:1554)
at java.base/jdk.internal.reflect.NativeMethodAccessorImpl.invoke0(Native Method)
at java.base/jdk.internal.reflect.NativeMethodAccessorImpl.invoke(NativeMethodAccessorImpl.java:62)
at java.base/jdk.internal.reflect.DelegatingMethodAccessorImpl.invoke(DelegatingMethodAccessorImpl.java:43)
at java.base/java.lang.reflect.Method.invoke(Method.java:566)
at org.testng.internal.MethodInvocationHelper.invokeMethod(MethodInvocationHelper.java:124)
at org.testng.internal.Invoker.invokeMethod(Invoker.java:583)
at org.testng.internal.Invoker.invokeTestMethod(Invoker.java:719)
at org.testng.internal.Invoker.invokeTestMethods(Invoker.java:989)
at org.testng.internal.TestMethodWorker.invokeTestMethods(TestMethodWorker.java:125)
at org.testng.internal.TestMethodWorker.run(TestMethodWorker.java:109)
at org.testng.TestRunner.privateRun(TestRunner.java:648)
at org.testng.TestRunner.run(TestRunner.java:505)
at org.testng.SuiteRunner.runTest(SuiteRunner.java:455)
at org.testng.SuiteRunner.runSequentially(SuiteRunner.java:450)
at org.testng.SuiteRunner.privateRun(SuiteRunner.java:415)
at org.testng.SuiteRunner.run(SuiteRunner.java:364)
at org.testng.SuiteRunnerWorker.runSuite(SuiteRunnerWorker.java:52)
at org.testng.SuiteRunnerWorker.run(SuiteRunnerWorker.java:84)
at org.testng.TestNG.runSuitesSequentially(TestNG.java:1208)
at org.testng.TestNG.runSuitesLocally(TestNG.java:1137)
at org.testng.TestNG.runSuites(TestNG.java:1049)
at org.testng.TestNG.run(TestNG.java:1017)
at org.testng.remote.AbstractRemoteTestNG.run(AbstractRemoteTestNG.java:114)
at org.testng.remote.RemoteTestNG.initAndRun(RemoteTestNG.java:251)
at org.testng.remote.RemoteTestNG.main(RemoteTestNG.java:77)
]]>
    </failure>
  </testcase> <!-- GetTransactionRouteTrafficSummary -->
  <testcase classname="Rest.EndPoints" name="GetTransactionRouteTrafficTrend" time="0.177"/>
  <testcase classname="Rest.EndPoints" name="GetTransactionRouteTraffic" time="0.236"/>
  <testcase classname="Rest.EndPoints" name="GetTransactionRouteMessageActions" time="0.338"/>
  <testcase classname="Rest.EndPoints" name="GetTransactionRoutesbwPartnerNiassociatedPractice" time="0.245"/>
  <testcase classname="Rest.EndPoints" name="GetAllPartnerRequestMessageDataElementbyPartnerRequestMessage" time="0.316">
    <failure message="Hub Status code of this API is not 200 but 200 expected [201] but found [200]" type="java.lang.AssertionError">
      <![CDATA[java.lang.AssertionError: Hub Status code of this API is not 200 but 200 expected [201] but found [200]
at org.testng.Assert.fail(Assert.java:96)
at org.testng.Assert.failNotEquals(Assert.java:776)
at org.testng.Assert.assertEqualsImpl(Assert.java:137)
at org.testng.Assert.assertEquals(Assert.java:118)
at org.testng.Assert.assertEquals(Assert.java:652)
at Rest.EndPoints.GetAllPartnerRequestMessageDataElementbyPartnerRequestMessage(EndPoints.java:1713)
at java.base/jdk.internal.reflect.NativeMethodAccessorImpl.invoke0(Native Method)
at java.base/jdk.internal.reflect.NativeMethodAccessorImpl.invoke(NativeMethodAccessorImpl.java:62)
at java.base/jdk.internal.reflect.DelegatingMethodAccessorImpl.invoke(DelegatingMethodAccessorImpl.java:43)
at java.base/java.lang.reflect.Method.invoke(Method.java:566)
at org.testng.internal.MethodInvocationHelper.invokeMethod(MethodInvocationHelper.java:124)
at org.testng.internal.Invoker.invokeMethod(Invoker.java:583)
at org.testng.internal.Invoker.invokeTestMethod(Invoker.java:719)
at org.testng.internal.Invoker.invokeTestMethods(Invoker.java:989)
at org.testng.internal.TestMethodWorker.invokeTestMethods(TestMethodWorker.java:125)
at org.testng.internal.TestMethodWorker.run(TestMethodWorker.java:109)
at org.testng.TestRunner.privateRun(TestRunner.java:648)
at org.testng.TestRunner.run(TestRunner.java:505)
at org.testng.SuiteRunner.runTest(SuiteRunner.java:455)
at org.testng.SuiteRunner.runSequentially(SuiteRunner.java:450)
at org.testng.SuiteRunner.privateRun(SuiteRunner.java:415)
at org.testng.SuiteRunner.run(SuiteRunner.java:364)
at org.testng.SuiteRunnerWorker.runSuite(SuiteRunnerWorker.java:52)
at org.testng.SuiteRunnerWorker.run(SuiteRunnerWorker.java:84)
at org.testng.TestNG.runSuitesSequentially(TestNG.java:1208)
at org.testng.TestNG.runSuitesLocally(TestNG.java:1137)
at org.testng.TestNG.runSuites(TestNG.java:1049)
at org.testng.TestNG.run(TestNG.java:1017)
at org.testng.remote.AbstractRemoteTestNG.run(AbstractRemoteTestNG.java:114)
at org.testng.remote.RemoteTestNG.initAndRun(RemoteTestNG.java:251)
at org.testng.remote.RemoteTestNG.main(RemoteTestNG.java:77)
]]>
    </failure>
  </testcase> <!-- GetAllPartnerRequestMessageDataElementbyPartnerRequestMessage -->
</testsuite> <!-- Rest.EndPoints -->
