<?xml version="1.0" encoding="UTF-8"?>
<!-- Generated by org.testng.reporters.JUnitReportReporter -->
<testsuite hostname="CMDLHRLT104" name="ChargeDetail.AppointmentSection" tests="35" failures="1" timestamp="2 Apr 2018 08:51:33 GMT" time="489.165" errors="0">
  <testcase name="verifyReasonDataPopulation" time="0.614" classname="ChargeDetail.AppointmentSection"/>
  <testcase name="verifyDefaultNoneResourceDropodown" time="0.745" classname="ChargeDetail.AppointmentSection"/>
  <testcase name="verifyDisabledLabField" time="0.348" classname="ChargeDetail.AppointmentSection"/>
  <testcase name="verifyAdmissionDateLessThanDOS" time="11.414" classname="ChargeDetail.AppointmentSection"/>
  <testcase name="verifyToolTipStartEndDOS" time="40.971" classname="ChargeDetail.AppointmentSection"/>
  <testcase name="verifyDefaultValueOfOutsideLabField" time="0.009" classname="ChargeDetail.AppointmentSection"/>
  <testcase name="verifyToolTipSpecialOutsideLab" time="0.335" classname="ChargeDetail.AppointmentSection"/>
  <testcase name="verifyCurrentDateDOS" time="0.430" classname="ChargeDetail.AppointmentSection"/>
  <testcase name="verifyCheckboxDisplayedAginstOutsideLabField" time="1.949" classname="ChargeDetail.AppointmentSection"/>
  <testcase name="verifySystemRevertStartDOSOnCancel" time="41.975" classname="ChargeDetail.AppointmentSection"/>
  <testcase name="verifySAECvalueselection" time="2.544" classname="ChargeDetail.AppointmentSection"/>
  <testcase name="verifyToolTipSpeciProg" time="0.972" classname="ChargeDetail.AppointmentSection"/>
  <testcase name="verifyPromptCPTDOSShouldNotProcede" time="6.695" classname="ChargeDetail.AppointmentSection"/>
  <testcase name="verifyPromptLocationChange" time="5.609" classname="ChargeDetail.AppointmentSection"/>
  <testcase name="verifyLesserTransactionDatePrompt" time="10.332" classname="ChargeDetail.AppointmentSection"/>
  <testcase name="verifyPromptChangeStartDOS" time="5.622" classname="ChargeDetail.AppointmentSection"/>
  <testcase name="verifyDelayReasonSelection" time="2.747" classname="ChargeDetail.AppointmentSection"/>
  <testcase name="verifyAPGFieldInput" time="96.486" classname="ChargeDetail.AppointmentSection"/>
  <testcase name="verifyResourceDataPopulation" time="0.722" classname="ChargeDetail.AppointmentSection"/>
  <testcase name="verifyLocationAppointmentSection" time="6.863" classname="ChargeDetail.AppointmentSection"/>
  <testcase name="verifyUTStatusDropdownValueSelection" time="2.940" classname="ChargeDetail.AppointmentSection"/>
  <testcase name="verifyAPGFieldChracterLimit" time="0.236" classname="ChargeDetail.AppointmentSection"/>
  <testcase name="verifyToolTipOrignalReferenceNo" time="0.336" classname="ChargeDetail.AppointmentSection"/>
  <testcase name="verifyCurrentDateInTransactionDateField" time="0.373" classname="ChargeDetail.AppointmentSection"/>
  <testcase name="verifyOutsideLabCheckboxEnablesOutsideLabField" time="40.191" classname="ChargeDetail.AppointmentSection"/>
  <testcase name="verifyPromptUTStausOverLimit" time="60.864" classname="ChargeDetail.AppointmentSection"/>
  <testcase name="verifyDischargeDateGreaterThanAdmissionDate" time="15.678" classname="ChargeDetail.AppointmentSection"/>
  <testcase name="verifyOrignalReferenceFieldData" time="36.861" classname="ChargeDetail.AppointmentSection"/>
  <testcase name="verifyOutsideLabFieldCharacterLimit" time="0.009" classname="ChargeDetail.AppointmentSection"/>
  <testcase name="verifyToolTipClaimType" time="0.327" classname="ChargeDetail.AppointmentSection"/>
  <testcase name="verifyLesserStartDatePrompt" time="7.906" classname="ChargeDetail.AppointmentSection"/>
  <testcase name="verifySystemRevertEndDOSOnCancel" time="36.922" classname="ChargeDetail.AppointmentSection"/>
  <testcase name="verifyPromptChangeENDDos" time="6.168" classname="ChargeDetail.AppointmentSection"/>
  <testcase name="verifyPromptvalidDate" time="37.419" classname="ChargeDetail.AppointmentSection">
    <failure type="java.lang.AssertionError" message="System is not displaying the prompt &quot;Please enter valid date&quot; when user enter incorrent date in END DOS fields..ie. 12/39/2017 expected [Please enter the valid date] but found [Do you want to change End DOS, Check-In date and Start/End DOS of all CPT(s) to Appointment Start DOS?]">
      <![CDATA[java.lang.AssertionError: System is not displaying the prompt "Please enter valid date" when user enter incorrent date in END DOS fields..ie. 12/39/2017 expected [Please enter the valid date] but found [Do you want to change End DOS, Check-In date and Start/End DOS of all CPT(s) to Appointment Start DOS?]
	at org.testng.Assert.fail(Assert.java:94)
	at org.testng.Assert.failNotEquals(Assert.java:513)
	at org.testng.Assert.assertEqualsImpl(Assert.java:135)
	at org.testng.Assert.assertEquals(Assert.java:116)
	at org.testng.Assert.assertEquals(Assert.java:190)
	at ChargeDetail.AppointmentSection.verifyPromptvalidDate(AppointmentSection.java:1290)
	at sun.reflect.NativeMethodAccessorImpl.invoke0(Native Method)
	at sun.reflect.NativeMethodAccessorImpl.invoke(NativeMethodAccessorImpl.java:62)
	at sun.reflect.DelegatingMethodAccessorImpl.invoke(DelegatingMethodAccessorImpl.java:43)
	at java.lang.reflect.Method.invoke(Method.java:498)
	at org.testng.internal.MethodInvocationHelper.invokeMethod(MethodInvocationHelper.java:86)
	at org.testng.internal.Invoker.invokeMethod(Invoker.java:643)
	at org.testng.internal.Invoker.invokeTestMethod(Invoker.java:820)
	at org.testng.internal.Invoker.invokeTestMethods(Invoker.java:1128)
	at org.testng.internal.TestMethodWorker.invokeTestMethods(TestMethodWorker.java:129)
	at org.testng.internal.TestMethodWorker.run(TestMethodWorker.java:112)
	at org.testng.TestRunner.privateRun(TestRunner.java:782)
	at org.testng.TestRunner.run(TestRunner.java:632)
	at org.testng.SuiteRunner.runTest(SuiteRunner.java:366)
	at org.testng.SuiteRunner.runSequentially(SuiteRunner.java:361)
	at org.testng.SuiteRunner.privateRun(SuiteRunner.java:319)
	at org.testng.SuiteRunner.run(SuiteRunner.java:268)
	at org.testng.SuiteRunnerWorker.runSuite(SuiteRunnerWorker.java:52)
	at org.testng.SuiteRunnerWorker.run(SuiteRunnerWorker.java:86)
	at org.testng.TestNG.runSuitesSequentially(TestNG.java:1244)
	at org.testng.TestNG.runSuitesLocally(TestNG.java:1169)
	at org.testng.TestNG.run(TestNG.java:1064)
	at org.testng.remote.AbstractRemoteTestNG.run(AbstractRemoteTestNG.java:132)
	at org.testng.remote.RemoteTestNG.initAndRun(RemoteTestNG.java:230)
	at org.testng.remote.RemoteTestNG.main(RemoteTestNG.java:76)
]]>
    </failure>
  </testcase> <!-- verifyPromptvalidDate -->
  <testcase name="verifySystemDonotautochangeEndDOS" time="5.553" classname="ChargeDetail.AppointmentSection"/>
</testsuite> <!-- ChargeDetail.AppointmentSection -->
