<?xml version="1.0" encoding="UTF-8"?>
<!-- Generated by org.testng.reporters.JUnitReportReporter -->
<testsuite hostname="CMDLHRLT104" name="tests.Procedure" tests="23" failures="0" timestamp="22 Nov 2017 14:36:40 GMT" time="613.804" errors="1">
  <testcase name="verifyProcedureIntellisense" time="2.417" classname="tests.Procedure"/>
  <testcase name="CrossPrompt" time="21.975" classname="tests.Procedure"/>
  <testcase name="verifyStatUnitFields" time="1.878" classname="tests.Procedure"/>
  <testcase name="verifyProcedureAdd" time="52.846" classname="tests.Procedure"/>
  <testcase name="verifyProcedureSelection" time="5.617" classname="tests.Procedure"/>
  <testcase name="ModifierMedicationSectionIntellisense" time="2.422" classname="tests.Procedure"/>
  <testcase name="ProcedureOrderEdit" time="60.224" classname="tests.Procedure">
    <error type="org.openqa.selenium.NoSuchFrameException" message="No frame element found by name or id DynamicBHdialogbox
Build info: version: &#039;3.4.0&#039;, revision: &#039;unknown&#039;, time: &#039;unknown&#039;
System info: host: &#039;CMDLHRLT104&#039;, ip: &#039;172.16.20.104&#039;, os.name: &#039;Windows 8.1&#039;, os.arch: &#039;amd64&#039;, os.version: &#039;6.3&#039;, java.version: &#039;1.8.0_144&#039;
Driver info: driver.version: unknown">
      <![CDATA[org.openqa.selenium.NoSuchFrameException: No frame element found by name or id DynamicBHdialogbox
Build info: version: '3.4.0', revision: 'unknown', time: 'unknown'
System info: host: 'CMDLHRLT104', ip: '172.16.20.104', os.name: 'Windows 8.1', os.arch: 'amd64', os.version: '6.3', java.version: '1.8.0_144'
Driver info: driver.version: unknown
	at org.openqa.selenium.remote.RemoteWebDriver$RemoteTargetLocator.frame(RemoteWebDriver.java:973)
	at tests.Procedure.ProcedureOrderEdit(Procedure.java:1267)
	at sun.reflect.NativeMethodAccessorImpl.invoke0(Native Method)
	at sun.reflect.NativeMethodAccessorImpl.invoke(NativeMethodAccessorImpl.java:62)
	at sun.reflect.DelegatingMethodAccessorImpl.invoke(DelegatingMethodAccessorImpl.java:43)
	at java.lang.reflect.Method.invoke(Method.java:498)
	at org.testng.internal.MethodInvocationHelper.invokeMethod(MethodInvocationHelper.java:86)
	at org.testng.internal.Invoker.invokeMethod(Invoker.java:643)
	at org.testng.internal.Invoker.invokeTestMethod(Invoker.java:820)
	at org.testng.internal.Invoker.invokeTestMethods(Invoker.java:1128)
	at org.testng.internal.TestMethodWorker.invokeTestMethods(TestMethodWorker.java:129)
	at org.testng.internal.TestMethodWorker.run(TestMethodWorker.java:112)
	at org.testng.TestRunner.privateRun(TestRunner.java:782)
	at org.testng.TestRunner.run(TestRunner.java:632)
	at org.testng.SuiteRunner.runTest(SuiteRunner.java:366)
	at org.testng.SuiteRunner.runSequentially(SuiteRunner.java:361)
	at org.testng.SuiteRunner.privateRun(SuiteRunner.java:319)
	at org.testng.SuiteRunner.run(SuiteRunner.java:268)
	at org.testng.SuiteRunnerWorker.runSuite(SuiteRunnerWorker.java:52)
	at org.testng.SuiteRunnerWorker.run(SuiteRunnerWorker.java:86)
	at org.testng.TestNG.runSuitesSequentially(TestNG.java:1244)
	at org.testng.TestNG.runSuitesLocally(TestNG.java:1169)
	at org.testng.TestNG.run(TestNG.java:1064)
	at org.testng.remote.AbstractRemoteTestNG.run(AbstractRemoteTestNG.java:132)
	at org.testng.remote.RemoteTestNG.initAndRun(RemoteTestNG.java:230)
	at org.testng.remote.RemoteTestNG.main(RemoteTestNG.java:76)
]]>
    </error>
  </testcase> <!-- ProcedureOrderEdit -->
  <testcase name="ProcedureSoapText" time="4.195" classname="tests.Procedure"/>
  <testcase name="verifyDiagnosisLimit" time="40.286" classname="tests.Procedure"/>
  <testcase name="DateCompareNoteProcedure" time="29.976" classname="tests.Procedure"/>
  <testcase name="verifyProcedureSection" time="0.159" classname="tests.Procedure"/>
  <testcase name="verifyOrderPatientInstructionCharacterLimit" time="51.907" classname="tests.Procedure"/>
  <testcase name="Opening_browser" time="5.224" classname="tests.Procedure"/>
  <testcase name="Creating_Case" time="36.502" classname="tests.Procedure"/>
  <testcase name="verifyProviderAssignedToDropDown" time="0.331" classname="tests.Procedure"/>
  <testcase name="ModifierMedicationSection" time="20.671" classname="tests.Procedure"/>
  <testcase name="NextPreviousCrossFunctionality" time="73.645" classname="tests.Procedure"/>
  <testcase name="AddPatient" time="63.675" classname="tests.Procedure"/>
  <testcase name="ModifierMedicationLimitRemoval" time="14.604" classname="tests.Procedure"/>
  <testcase name="verifyButtons" time="29.560" classname="tests.Procedure"/>
  <testcase name="ThirtyProcedures" time="32.858" classname="tests.Procedure"/>
  <testcase name="login" time="37.968" classname="tests.Procedure"/>
  <testcase name="verifyOrderPatientInstructionPrint" time="24.864" classname="tests.Procedure"/>
</testsuite> <!-- tests.Procedure -->
